0	22:40:31.415	Compiling 'Moving Average'
0	22:40:35.683	Compiling 'add_stop_profit'
0	22:40:39.016	Custom indicator Bands USDCAD,H1: loaded successfully
0	22:40:39.044	Custom indicator Bands USDCAD,H1: loaded successfully
0	22:40:39.186	Bands USDCAD,H1: initialized
0	22:40:39.207	Bands USDCAD,H1: initialized
0	22:40:39.823	Custom indicator Bands USDCAD,H1: loaded successfully
0	22:40:39.850	Custom indicator Bands USDCAD,H1: loaded successfully
0	22:40:39.872	Bands USDCAD,H1: initialized
0	22:40:39.890	Bands USDCAD,H1: initialized
0	22:40:40.299	Custom indicator Bands USDCAD,H1: loaded successfully
0	22:40:40.321	Custom indicator Bands USDCAD,H1: loaded successfully
0	22:40:40.348	Bands USDCAD,H1: initialized
0	22:40:40.373	Bands USDCAD,H1: initialized
0	22:41:23.115	Expert Jimmy\Andrew Young\Simple MA strategy USDCAD,H1: loaded successfully
0	22:41:55.591	Simple MA strategy USDCAD,H1 inputs: HINT_01==================================; DynamicLotSize=true; EquityPercent=2.0; FixedLotSize=0.1; StopLoss=50.0; TakeProfit=100.0; Slippage=5; MagicNumber=2222; HINT_02===================================; FastMAPeriod=10; SlowMAPeriod=20; 
0	22:41:55.616	Simple MA strategy USDCAD,H1: initialized
0	22:47:48.534	Compiling 'Jimmy\Andrew Young\Simple MA strategy'
0	22:57:22.110	Compiling 'Jimmy\Andrew Young\Simple MA strategy'
0	22:57:24.583	Simple MA strategy USDCAD,H1: uninit reason 2
0	22:57:24.585	Expert Simple MA strategy USDCAD,H1: removed
0	22:57:24.600	Expert Jimmy\Andrew Young\Simple MA strategy USDCAD,H1: loaded successfully
0	22:57:24.622	Simple MA strategy USDCAD,H1: initialized
0	23:29:27.981	Compiling 'Jimmy\Andrew Young\Simple MA strategy'
